<?xml version="1.0" encoding="UTF-8"?>
<testExecutions version="1">
  <file path="/home/successive/Other/BMC-Creator/src/test/App.test.js">
    <testCase name="App Component To match snapshot of App" duration="106"/>
    <testCase name="App Component NavBar exists" duration="103"/>
    <testCase name="App Component Simulat NavBar link clicks" duration="321"/>
    <testCase name="App Component BMCScreen exists" duration="42"/>
  </file>
  <file path="/home/successive/Other/BMC-Creator/src/components/NoteDialog/test/NoteDialog.test.js">
    <testCase name="Dialog Component To match snapshot of NoteDialog" duration="70"/>
    <testCase name="Dialog Component Dialog exists" duration="118"/>
    <testCase name="Dialog Component Dialog contains two EditableText inputs" duration="77"/>
    <testCase name="Dialog Component Simulate title EditableText onChange" duration="119"/>
    <testCase name="Dialog Component Simulate description EditableText onChange" duration="93"/>
    <testCase name="Dialog Component Dialog contains two ColorPicker inputs" duration="51"/>
    <testCase name="Dialog Component Simulate background ColorPicker onChange" duration="197"/>
    <testCase name="Dialog Component Simulate text ColorPicker onChange" duration="90"/>
    <testCase name="Dialog Component Dialog contains one Note component" duration="31"/>
    <testCase name="Dialog Component Dialog contains three buttons" duration="40"/>
    <testCase name="Dialog Component Simulate click for reset colors button" duration="51"/>
    <testCase name="Dialog Component Simulate click for cancel button" duration="80"/>
    <testCase name="Dialog Component Simulate click for save button" duration="38"/>
  </file>
  <file path="/home/successive/Other/BMC-Creator/src/components/SectionsInfo/test/SectionsInfo.test.js">
    <testCase name="SectionsInfo Components KeyPartners Component To match snapshot of KeyPartners" duration="9"/>
    <testCase name="SectionsInfo Components KeyPartners Component KeyPartners should contain 1 PopoverBody, 4 PopoverQuestions, 1 PopoverHintTitle, and 3 PopoverHintText" duration="241"/>
    <testCase name="SectionsInfo Components KeyActivities Component To match snapshot of KeyActivities" duration="4"/>
    <testCase name="SectionsInfo Components KeyActivities Component KeyActivities should contain 1 PopoverBody, 4 PopoverQuestions, 1 PopoverHintTitle, and 3 PopoverHintText" duration="48"/>
    <testCase name="SectionsInfo Components KeyResources Component To match snapshot of KeyResources" duration="3"/>
    <testCase name="SectionsInfo Components KeyResources Component KeyResources should contain 1 PopoverBody, 4 PopoverQuestions, 1 PopoverHintTitle, and 4 PopoverHintText" duration="56"/>
    <testCase name="SectionsInfo Components ValuePropositions Component To match snapshot of ValuePropositions" duration="4"/>
    <testCase name="SectionsInfo Components ValuePropositions Component ValuePropositions should contain 1 PopoverBody, 4 PopoverQuestions, 1 PopoverHintTitle, and 11 PopoverHintText" duration="60"/>
    <testCase name="SectionsInfo Components CustomerRelationships Component To match snapshot of CustomerRelationships" duration="3"/>
    <testCase name="SectionsInfo Components CustomerRelationships Component CustomerRelationships should contain 1 PopoverBody, 4 PopoverQuestions, 1 PopoverHintTitle, and 6 PopoverHintText" duration="63"/>
    <testCase name="SectionsInfo Components Channels Component To match snapshot of Channels" duration="9"/>
    <testCase name="SectionsInfo Components Channels Component Channels should contain 1 PopoverBody, 6 PopoverQuestions, 6 PopoverHintTitle, and 5 PopoverHintText" duration="117"/>
    <testCase name="SectionsInfo Components CustomerSegments Component To match snapshot of CustomerSegments" duration="6"/>
    <testCase name="SectionsInfo Components CustomerSegments Component CustomerSegments should contain 1 PopoverBody, 2 PopoverQuestions, and 5 PopoverHintText" duration="33"/>
    <testCase name="SectionsInfo Components CostStructure Component To match snapshot of CostStructure" duration="4"/>
    <testCase name="SectionsInfo Components CostStructure Component CostStructure should contain 1 PopoverBody, 3 PopoverQuestions, 2 PopoverHintTitle, and 6 PopoverHintText" duration="53"/>
    <testCase name="SectionsInfo Components RevenueStreams Component To match snapshot of RevenueStreams" duration="6"/>
    <testCase name="SectionsInfo Components RevenueStreams Component RevenueStreams should contain 1 PopoverBody, 5 PopoverQuestions, and 1 Table" duration="81"/>
  </file>
  <file path="/home/successive/Other/BMC-Creator/src/screens/BMCScreen/test/BMCScreen.test.js">
    <testCase name="App Component To match snapshot of BMCScreen" duration="147"/>
    <testCase name="App Component BMCScreen should have a NoteDialog" duration="80"/>
    <testCase name="App Component BMCScreen should have a BMCScreenDiv" duration="48"/>
    <testCase name="App Component BMCScreen should have a BMCScreenHeaderGrid" duration="35"/>
    <testCase name="App Component BMCScreen should have a BMCScreenCanvasGrid" duration="62"/>
    <testCase name="App Component BMCScreen should have 9 SectionTitle" duration="69"/>
    <testCase name="App Component BMCScreen should have 9 Popover" duration="44"/>
    <testCase name="App Component BMCScreen should have 9 DocContainer" duration="71"/>
    <testCase name="App Component BMCScreen should have a TitleInput" duration="28"/>
    <testCase name="App Component BMCScreen should have two BMCScreenInputs" duration="23"/>
    <testCase name="App Component Simulate TitleInput onChange" duration="206"/>
    <testCase name="App Component Simulate Version BMCScreenInput onChange" duration="141"/>
    <testCase name="App Component Simulate Date BMCScreenInput onChange" duration="196"/>
  </file>
  <file path="/home/successive/Other/BMC-Creator/src/components/SideNav/test/SideNav.test.js">
    <testCase name="SideNav Component To match snapshot of SideNav" duration="20"/>
    <testCase name="SideNav Component Should have 7 links" duration="119"/>
    <testCase name="SideNav Component Should have 1 ToggleHide component" duration="25"/>
    <testCase name="SideNav Component Should have 1 AppTitle component" duration="51"/>
    <testCase name="SideNav Component Footer Component Should have 1 Divider component" duration="66"/>
    <testCase name="SideNav Component Footer Component Should have 1 Link" duration="158"/>
    <testCase name="SideNav Component Simulate Link clicks" duration="132"/>
  </file>
  <file path="/home/successive/Other/BMC-Creator/src/components/Loading/test/Loading.test.js">
    <testCase name="Loading Component To match snapshot of Loading" duration="9"/>
    <testCase name="Loading Component Spinner exists" duration="23"/>
  </file>
  <file path="/home/successive/Other/BMC-Creator/src/components/Note/test/Note.test.js">
    <testCase name="Note Component To match snapshot of Note" duration="10"/>
    <testCase name="Note Component Context menu popover exists" duration="13"/>
    <testCase name="Note Component NoteWrapper exists" duration="31"/>
    <testCase name="Note Component Title exists" duration="13"/>
    <testCase name="Note Component Description exists" duration="15"/>
    <testCase name="Note Component Context menu exists" duration="10"/>
    <testCase name="Note Component Simulate delete operation" duration="67"/>
    <testCase name="Note Component Only description found in Note" duration="13"/>
  </file>
  <file path="/home/successive/Other/BMC-Creator/src/components/DocContainer/test/DocContainer.test.js">
    <testCase name="DocContainer Component To match snapshot of DocContainer" duration="42"/>
    <testCase name="DocContainer Component Add, Edit, and Fullscreen options exists" duration="32"/>
    <testCase name="DocContainer Component Simulate add operation" duration="34"/>
    <testCase name="DocContainer Component Tips exists" duration="12"/>
    <testCase name="DocContainer Component Notes are being mapped perfectly" duration="9"/>
  </file>
  <file path="/home/successive/Other/BMC-Creator/src/components/Popover/test/Popover.test.js">
    <testCase name="Popover Component To match snapshot of Popover" duration="5"/>
  </file>
  <file path="/home/successive/Other/BMC-Creator/src/components/ColorPicker/test/ColorPicker.test.js">
    <testCase name="ColorPicker Component To match snapshot of ColorPicker" duration="25"/>
    <testCase name="ColorPicker Component Label exists" duration="6"/>
    <testCase name="ColorPicker Component ColorPickerWrapper exists" duration="11"/>
  </file>
  <file path="/home/successive/Other/BMC-Creator/src/utils/test/ContextProviderWrapper.test.js">
    <testCase name="App Component ContextProviderWrapper using real state" duration="2"/>
  </file>
</testExecutions>