<?xml version="1.0" encoding="UTF-8"?>
<testExecutions version="1">
  <file path="/home/successive/Other/BMC-Creator/src/components/ColorPicker/test/ColorPicker.test.js">
    <testCase name="ColorPicker Component To match snapshot of ColorPicker" duration="8"/>
  </file>
</testExecutions>