<?xml version="1.0" encoding="UTF-8"?>
<testExecutions version="1">
  <file path="/home/successive/Other/BMC-Creator/src/components/Note/test/Note.test.js">
    <testCase name="Note Component To match snapshot of Note" duration="13"/>
    <testCase name="Note Component Context menu popover exists" duration="20"/>
    <testCase name="Note Component NoteWrapper exists" duration="12"/>
    <testCase name="Note Component Title exists" duration="9"/>
    <testCase name="Note Component Description exists" duration="9"/>
    <testCase name="Note Component Context menu exists" duration="8"/>
    <testCase name="Note Component Simulate Edit operation" duration="27"/>
    <testCase name="Note Component Simulate delete operation" duration="12"/>
    <testCase name="Note Component Only description found in Note" duration="21"/>
  </file>
  <file path="/home/successive/Other/BMC-Creator/src/components/NoteDialog/test/NoteDialog.test.js">
    <testCase name="Dialog Component To match snapshot of NoteDialog" duration="52"/>
    <testCase name="Dialog Component Dialog exists" duration="37"/>
    <testCase name="Dialog Component Dialog contains two EditableText inputs" duration="39"/>
    <testCase name="Dialog Component Simulate title EditableText onChange" duration="68"/>
    <testCase name="Dialog Component Simulate description EditableText onChange" duration="41"/>
    <testCase name="Dialog Component Dialog contains two ColorPicker inputs" duration="23"/>
    <testCase name="Dialog Component Simulate background ColorPicker onChange" duration="91"/>
    <testCase name="Dialog Component Simulate text ColorPicker onChange" duration="37"/>
    <testCase name="Dialog Component Dialog contains one Note component" duration="15"/>
    <testCase name="Dialog Component Dialog contains three buttons" duration="16"/>
    <testCase name="Dialog Component Simulate click for save button (update note operation)" duration="32"/>
    <testCase name="Dialog Component Simulate click for reset colors button" duration="25"/>
    <testCase name="Dialog Component Simulate click for cancel button" duration="25"/>
  </file>
  <file path="/home/successive/Other/BMC-Creator/src/screens/BMCScreen/test/BMCScreen.test.js">
    <testCase name="App Component To match snapshot of BMCScreen" duration="88"/>
    <testCase name="App Component BMCScreen should have a NoteDialog" duration="51"/>
    <testCase name="App Component BMCScreen should have a BMCScreenDiv" duration="32"/>
    <testCase name="App Component BMCScreen should have a BMCScreenHeaderGrid" duration="22"/>
    <testCase name="App Component BMCScreen should have a BMCScreenCanvasGrid" duration="20"/>
    <testCase name="App Component BMCScreen should have 9 SectionTitle" duration="21"/>
    <testCase name="App Component BMCScreen should have 9 Popover" duration="19"/>
    <testCase name="App Component BMCScreen should have 9 DocContainer" duration="23"/>
    <testCase name="App Component BMCScreen should have a TitleInput" duration="17"/>
    <testCase name="App Component BMCScreen should have two BMCScreenInputs" duration="14"/>
    <testCase name="App Component Simulate TitleInput onChange" duration="100"/>
    <testCase name="App Component Simulate Version BMCScreenInput onChange" duration="79"/>
    <testCase name="App Component Simulate Date BMCScreenInput onChange" duration="81"/>
  </file>
  <file path="/home/successive/Other/BMC-Creator/src/test/App.test.js">
    <testCase name="App Component To match snapshot of App" duration="75"/>
    <testCase name="App Component Joyride exists" duration="33"/>
    <testCase name="App Component NavBar exists" duration="16"/>
    <testCase name="App Component Simulat NavBar link clicks" duration="290"/>
    <testCase name="App Component BMCScreen exists" duration="17"/>
  </file>
  <file path="/home/successive/Other/BMC-Creator/src/components/SectionsInfo/test/SectionsInfo.test.js">
    <testCase name="SectionsInfo Components KeyPartners Component To match snapshot of KeyPartners" duration="5"/>
    <testCase name="SectionsInfo Components KeyPartners Component KeyPartners should contain 1 PopoverBody, 4 PopoverQuestions, 1 PopoverHintTitle, and 3 PopoverHintText" duration="26"/>
    <testCase name="SectionsInfo Components KeyActivities Component To match snapshot of KeyActivities" duration="2"/>
    <testCase name="SectionsInfo Components KeyActivities Component KeyActivities should contain 1 PopoverBody, 4 PopoverQuestions, 1 PopoverHintTitle, and 3 PopoverHintText" duration="14"/>
    <testCase name="SectionsInfo Components KeyResources Component To match snapshot of KeyResources" duration="1"/>
    <testCase name="SectionsInfo Components KeyResources Component KeyResources should contain 1 PopoverBody, 4 PopoverQuestions, 1 PopoverHintTitle, and 4 PopoverHintText" duration="23"/>
    <testCase name="SectionsInfo Components ValuePropositions Component To match snapshot of ValuePropositions" duration="3"/>
    <testCase name="SectionsInfo Components ValuePropositions Component ValuePropositions should contain 1 PopoverBody, 4 PopoverQuestions, 1 PopoverHintTitle, and 11 PopoverHintText" duration="53"/>
    <testCase name="SectionsInfo Components CustomerRelationships Component To match snapshot of CustomerRelationships" duration="2"/>
    <testCase name="SectionsInfo Components CustomerRelationships Component CustomerRelationships should contain 1 PopoverBody, 4 PopoverQuestions, 1 PopoverHintTitle, and 6 PopoverHintText" duration="106"/>
    <testCase name="SectionsInfo Components Channels Component To match snapshot of Channels" duration="2"/>
    <testCase name="SectionsInfo Components Channels Component Channels should contain 1 PopoverBody, 6 PopoverQuestions, 6 PopoverHintTitle, and 5 PopoverHintText" duration="25"/>
    <testCase name="SectionsInfo Components CustomerSegments Component To match snapshot of CustomerSegments" duration="1"/>
    <testCase name="SectionsInfo Components CustomerSegments Component CustomerSegments should contain 1 PopoverBody, 2 PopoverQuestions, and 5 PopoverHintText" duration="18"/>
    <testCase name="SectionsInfo Components CostStructure Component To match snapshot of CostStructure" duration="2"/>
    <testCase name="SectionsInfo Components CostStructure Component CostStructure should contain 1 PopoverBody, 3 PopoverQuestions, 2 PopoverHintTitle, and 6 PopoverHintText" duration="39"/>
    <testCase name="SectionsInfo Components RevenueStreams Component To match snapshot of RevenueStreams" duration="3"/>
    <testCase name="SectionsInfo Components RevenueStreams Component RevenueStreams should contain 1 PopoverBody, 5 PopoverQuestions, and 1 Table" duration="15"/>
  </file>
  <file path="/home/successive/Other/BMC-Creator/src/components/DocContainer/test/DocContainer.test.js">
    <testCase name="DocContainer Component To match snapshot of DocContainer" duration="18"/>
    <testCase name="DocContainer Component Add, Edit, and Fullscreen options exists" duration="15"/>
    <testCase name="DocContainer Component Simulate add operation" duration="69"/>
    <testCase name="DocContainer Component Tips exists" duration="23"/>
    <testCase name="DocContainer Component Notes are being mapped perfectly" duration="20"/>
  </file>
  <file path="/home/successive/Other/BMC-Creator/src/components/ColorPicker/test/ColorPicker.test.js">
    <testCase name="ColorPicker Component To match snapshot of ColorPicker" duration="4"/>
    <testCase name="ColorPicker Component Label exists" duration="3"/>
    <testCase name="ColorPicker Component ColorPickerWrapper exists" duration="9"/>
  </file>
  <file path="/home/successive/Other/BMC-Creator/src/components/SideNav/test/SideNav.test.js">
    <testCase name="SideNav Component To match snapshot of SideNav" duration="14"/>
    <testCase name="SideNav Component Should have 8 links" duration="12"/>
    <testCase name="SideNav Component Should have 1 ToggleHide component" duration="10"/>
    <testCase name="SideNav Component Should have 1 AppTitle component" duration="9"/>
    <testCase name="SideNav Component Footer Component Should have 1 Divider component" duration="14"/>
    <testCase name="SideNav Component Footer Component Should have 1 Link" duration="16"/>
    <testCase name="SideNav Component Simulate Link clicks" duration="101"/>
  </file>
  <file path="/home/successive/Other/BMC-Creator/src/components/Loading/test/Loading.test.js">
    <testCase name="Loading Component To match snapshot of Loading" duration="4"/>
    <testCase name="Loading Component Spinner exists" duration="7"/>
  </file>
  <file path="/home/successive/Other/BMC-Creator/src/utils/test/ContextProviderWrapper.test.js">
    <testCase name="ContextProviderWrapper Component ContextProviderWrapper using real state" duration="1"/>
  </file>
  <file path="/home/successive/Other/BMC-Creator/src/components/Popover/test/Popover.test.js">
    <testCase name="Popover Component To match snapshot of Popover" duration="3"/>
  </file>
</testExecutions>